

<11:39:32> You enter a softly glowing teleport pad.
[Throrfiril City of Trees]
Obvious exits: northwest and a softly glowing teleport pad.


<11:39:32> You must be in a hospital to cure!


<11:39:32> nw&


<11:39:32> You must be in a hospital to cure!


<11:39:32> [Throrfiril City of Trees]
Obvious exits: northwest, southeast, and southwest.


<11:39:32> sw&


<11:39:32> [Throrfiril City of Trees]
Obvious exits: west, northeast, and northwest.

Also there is a flying green crystalline dragon and a flying green crystalline dragon.


<11:39:33> A flying green crystalline dragon attacks you and misses.
A flying green crystalline dragon attacks you and misses.


<11:39:33> w&


<11:39:33> [Throrfiril City of Trees]
Obvious exits: east and west.


<11:39:33> w&


<11:39:33> [Throrfiril City of Trees]
Obvious exits: east, west, and southeast.


<11:39:33> w&


<11:39:33> [Throrfiril City of Trees]
Obvious exits: east, northwest, and southwest.


<11:39:33> w&


<11:39:33> You can't go that way.


<11:39:33> w&


<11:39:33> You can't go that way.


<11:39:33> nw&


<11:39:34> [Throrfiril City of Trees]
Obvious exits: southeast and southwest.


<11:39:34> sw&


<11:39:34> [Throrfiril City of Trees]
Obvious exits: northeast, northwest, and southeast.


<11:39:36> search&


<11:39:36> You search the area.


<11:39:38> search&


<11:39:38> You search the area.


<11:39:39> comb agg&


<11:39:39> Combat Mode changed to AGGRESSIVE (100% of weapon skill applied to offense).


<11:39:40> search&


<11:39:40> You search the area.


<11:39:43> search door

<11:39:43> search door


<11:39:43> You search the area.
You find a golden doorway!


<11:39:44> look&


<11:39:44> [Throrfiril City of Trees]
Obvious exits: northeast, northwest, southeast, and a golden doorway (hidden).


<11:39:45> nw&


<11:39:45> [Throrfiril City of Trees]
Obvious exits: northwest and southeast.


<11:39:46> nw&


<11:39:46> [Throrfiril City of Trees]
Obvious exits: northwest, southeast, and southwest.


<11:39:46> nw&


<11:39:46> [Throrfiril City of Trees]
Obvious exits: southeast and southwest.

Also there is a soaring gold crystalline dragon.


<11:39:47> sw&


<11:39:47> [Throrfiril City of Trees]
Obvious exits: northeast and southeast.


<11:39:47> ne&


<11:39:47> [Throrfiril City of Trees]
Obvious exits: southeast and southwest.

Also there is a soaring gold crystalline dragon.


<11:39:47> fite&


<11:39:48> A wave of pain radiates from the lustrous mace of unending loyalty!
You attack a soaring gold crystalline dragon with a lustrous mace of unending loyalty for 118 damage!
You come out of your parrying stance.

An impact shudders from the glowing truncheon of doom!
You attack a soaring gold crystalline dragon with a glowing truncheon of doom for 129 damage!


<11:39:48> You burn a soaring gold crystalline dragon with your fiery breath!
A soaring gold crystalline dragon is hit for 151 damage!


<11:39:49> A soaring gold crystalline dragon attacks you for 37 damage!
A soaring gold crystalline dragon casts a spell!
The earth shudders beneath you as massive stalagmites erupt from below!
You are hit for 127 damage!


<11:39:51> fite&


<11:39:51> A wave of pain radiates from the lustrous mace of unending loyalty!
You attack a soaring gold crystalline dragon with a lustrous mace of unending loyalty for 140 damage!
You attack a soaring gold crystalline dragon and miss.


<11:39:51> You must wait 4 seconds to perform a breath attack!


<11:39:53> A soaring gold crystalline dragon attacks you for 38 damage!
A soaring gold crystalline dragon casts a spell!
The earth shudders beneath you as massive stalagmites erupt from below!
You are hit for 127 damage!


<11:39:54> fite&


<11:39:54> You must wait 1 second to perform a double attack!


<11:39:54> You must wait 1 second to perform a breath attack!


<11:39:54> fite&


<11:39:54> You must wait 1 second to perform a double attack!


<11:39:54> You must wait 1 second to perform a breath attack!


<11:39:54> fite&


<11:39:55> A wave of pain radiates from the lustrous mace of unending loyalty!
You attack a soaring gold crystalline dragon with a lustrous mace of unending loyalty for 136 damage!
A soaring gold crystalline dragon is stunned for 4 seconds!
An impact shudders from the glowing truncheon of doom!
You attack a soaring gold crystalline dragon with a glowing truncheon of doom for 132 damage!
A soaring gold crystalline dragon starts bleeding!


<11:39:55> You burn a soaring gold crystalline dragon with your fiery breath!
A soaring gold crystalline dragon is hit for 178 damage!
A soaring gold crystalline dragon dies!  
You gain 18975 (+18975) experience points.
A soaring gold crystalline dragon drops a bag of silver.


<11:39:55> get silver&


<11:39:56> You get 1415 silver coins.


<11:39:57> se&


<11:39:57> You must wait 1 second to move!


<11:39:58> se&


<11:39:58> [Throrfiril City of Trees]
Obvious exits: northwest, southeast, and southwest.


<11:39:58> se&


<11:39:58> [Throrfiril City of Trees]
Obvious exits: northwest and southeast.


<11:39:59> se&


<11:39:59> [Throrfiril City of Trees]
Obvious exits: northeast, northwest, southeast, and a golden doorway (hidden).


<11:39:59> open genportal& go genportal& cure all& cure b& 


<11:39:59> open genportal& go genportal& cure all& cure b& 


<11:39:59> There is nothing to open on a golden doorway.


<11:39:59> You enter a golden doorway.
[Throrfiril City of Trees]
Obvious exits: an exit leading out.

You also see a bright purple crystalline plate mail, a bright golden dragon's head spine, a bright golden dragon's head spine, a crystalized
dragon's tear, and a crystalized dragon's tear.


<11:39:59> You are cured 317 hits and pay 1585 silver.


<11:39:59> You are not currently bleeding.


<11:40:00> There is nothing to open on an exit leading out.


<11:40:00> You enter an exit leading out.
[Throrfiril City of Trees]
Obvious exits: northeast, northwest, southeast, and a golden doorway (hidden).


<11:40:00> You must be in a hospital to cure!


<11:40:00> You must be in a hospital to cure!


<11:40:02> se&


<11:40:02> [Throrfiril City of Trees]
Obvious exits: south, northeast, and northwest.

Also there is a flying blue crystalline dragon.


<11:40:03> fite&


<11:40:03> A wave of pain radiates from the lustrous mace of unending loyalty!
You attack a flying blue crystalline dragon with a lustrous mace of unending loyalty for 137 damage!
A flying blue crystalline dragon is stunned for 8 seconds!
A flying blue crystalline dragon is hit with a wounding weapon and begins to bleed!
You cannot cast bleed on a flying blue crystalline dragon!
An impact shudders from the glowing truncheon of doom!
You attack a flying blue crystalline dragon with a glowing truncheon of doom for 147 damage!


<11:40:03> You burn a flying blue crystalline dragon with your fiery breath!
A flying blue crystalline dragon is hit for 177 damage!
A flying blue crystalline dragon starts bleeding!


<11:40:07> fite&


<11:40:07> A wave of pain radiates from the lustrous mace of unending loyalty!
You attack a flying blue crystalline dragon with a lustrous mace of unending loyalty for 129 damage!
A flying blue crystalline dragon is hit with a wounding weapon and begins to bleed!
You cannot cast bleed on a flying blue crystalline dragon!
An impact shudders from the glowing truncheon of doom!
You attack a flying blue crystalline dragon with a glowing truncheon of doom for 130 damage!
A flying blue crystalline dragon dies!  
You gain 14850 (+14850) experience points.
A flying blue crystalline dragon drops a bag of silver.


<11:40:07> You don't see anyone called 'genmob#1' here.


<11:40:07> get silver&


<11:40:08> You get 1307 silver coins.


<11:40:08> look&


<11:40:08> [Throrfiril City of Trees]
Obvious exits: south, northeast, and northwest.


<11:40:10> s&


<11:40:10> You must wait 1 second to move!


<11:40:10> s&


<11:40:10> You must wait 1 second to move!


<11:40:11> s&


<11:40:11> [Throrfiril City of Trees]
Obvious exits: north, southeast, and southwest.


<11:40:11> sw&


<11:40:11> [Throrfiril City of Trees]
Obvious exits: northeast and southeast.


<11:40:13> se&


<11:40:13> [Throrfiril City of Trees]
Obvious exits: south, northeast, and northwest.


<11:40:14> s&


<11:40:14> [Throrfiril City of Trees]
Obvious exits: north, east, and west.


<11:40:15> w&


<11:40:15> [Throrfiril City of Trees]
Obvious exits: east.


<11:40:16> e&


<11:40:16> [Throrfiril City of Trees]
Obvious exits: north, east, and west.


<11:40:16> e&


<11:40:16> [Throrfiril City of Trees]
Obvious exits: west, northeast, and southeast.


<11:40:17> se&


<11:40:17> [Throrfiril City of Trees]
Obvious exits: northeast and northwest.


<11:40:18> s&


<11:40:18> You can't go that way.


<11:40:18> ne&


<11:40:18> [Throrfiril City of Trees]
Obvious exits: northwest and southwest.


<11:40:19> se&


<11:40:19> You can't go that way.


<11:40:19> nw&


<11:40:19> [Throrfiril City of Trees]
Obvious exits: north, southeast, and southwest.

Also there is a flying blue crystalline dragon.


<11:40:20> fite&


<11:40:20> A wave of pain radiates from the lustrous mace of unending loyalty!
You attack a flying blue crystalline dragon with a lustrous mace of unending loyalty for 132 damage!
A flying blue crystalline dragon is hit with a wounding weapon and begins to bleed!
You cannot cast bleed on a flying blue crystalline dragon!
An impact shudders from the glowing truncheon of doom!
You attack a flying blue crystalline dragon with a glowing truncheon of doom for 150 damage!
You get a 5 percent bonus to your next attack!
A flying blue crystalline dragon is stunned for 4 seconds!


<11:40:21> You burn a flying blue crystalline dragon with your fiery breath!
A flying blue crystalline dragon is hit for 170 damage!
A flying blue crystalline dragon starts bleeding!


<11:40:24> A flying blue crystalline dragon attacks you and misses.
A flying blue crystalline dragon attacks you and misses.
A flying blue crystalline dragon casts a spell!
A flying blue crystalline dragon gapes and breathes twin jets of boiling water at you!
A flying blue crystalline dragon loses concentration!


<11:40:24> fite&


<11:40:24> A wave of pain radiates from the lustrous mace of unending loyalty!
You attack a flying blue crystalline dragon with a lustrous mace of unending loyalty for 125 damage!
You do 6 extra damage!
An impact shudders from the glowing truncheon of doom!
You attack a flying blue crystalline dragon with a glowing truncheon of doom for 154 damage!
A flying blue crystalline dragon dies!  
You gain 14850 (+14850) experience points.
A flying blue crystalline dragon drops a bag of silver.


<11:40:24> You don't see anyone called 'genmob#1' here.


<11:40:25> get silver&


<11:40:25> You get 1388 silver coins.


<11:40:25> look&


<11:40:25> [Throrfiril City of Trees]
Obvious exits: north, southeast, and southwest.


<11:40:27> n&


<11:40:27> You must wait 1 second to move!


<11:40:28> n&


<11:40:28> [Throrfiril City of Trees]
Obvious exits: south, east, and west.


<11:40:29> e&


<11:40:29> [Throrfiril City of Trees]
Obvious exits: north, east, and west.


<11:40:30> e&


<11:40:30> [Throrfiril City of Trees]
Obvious exits: east and west.


<11:40:31> e&


<11:40:31> [Throrfiril City of Trees]
Obvious exits: east and west.

Also there is a flying blue crystalline dragon and a soaring yellow crystalline dragon.


<11:40:32> fite&


<11:40:32> A wave of pain radiates from the lustrous mace of unending loyalty!
You attack a flying blue crystalline dragon with a lustrous mace of unending loyalty for 129 damage!
An impact shudders from the glowing truncheon of doom!
You attack a flying blue crystalline dragon with a glowing truncheon of doom for 136 damage!


<11:40:32> A flying blue crystalline dragon attacks you for 35 damage!
A flying blue crystalline dragon attacks you and misses.
A flying blue crystalline dragon casts a spell!
A flying blue crystalline dragon gapes and breathes twin jets of boiling water at you!
You are hit for 45 damage!
You burn a flying blue crystalline dragon with your fiery breath!
A flying blue crystalline dragon is hit for 158 damage!


<11:40:34> A soaring yellow crystalline dragon attacks you for 64 damage!
A soaring yellow crystalline dragon attacks you for 70 damage!


<11:40:35> fite&


<11:40:35> A wave of pain radiates from the lustrous mace of unending loyalty!
You attack a flying blue crystalline dragon with a lustrous mace of unending loyalty for 138 damage!
A flying blue crystalline dragon is hit with a wounding weapon and begins to bleed!
You cannot cast bleed on a flying blue crystalline dragon!
An impact shudders from the glowing truncheon of doom!
You attack a flying blue crystalline dragon with a glowing truncheon of doom for 128 damage!


<11:40:36> You must wait 4 seconds to perform a breath attack!


<11:40:36> A flying blue crystalline dragon attacks you and misses.
A flying blue crystalline dragon attacks you for 33 damage!
A flying blue crystalline dragon casts a spell!
A flying blue crystalline dragon gapes and breathes twin jets of boiling water at you!
A flying blue crystalline dragon misses!


<11:40:37> fite&


<11:40:37> You must wait 2 seconds to perform a double attack!


<11:40:38> You must wait 2 seconds to perform a breath attack!


<11:40:38> A soaring yellow crystalline dragon attacks you for 77 damage!
A soaring yellow crystalline dragon attacks you for 74 damage!


<11:40:38> fite&


<11:40:39> You must wait 1 second to perform a double attack!


<11:40:39> You must wait 1 second to perform a breath attack!


<11:40:39> fite&


<11:40:39> A wave of pain radiates from the lustrous mace of unending loyalty!
You attack a flying blue crystalline dragon with a lustrous mace of unending loyalty for 138 damage!
A flying blue crystalline dragon is stunned for 8 seconds!
An impact shudders from the glowing truncheon of doom!
You attack a flying blue crystalline dragon with a glowing truncheon of doom for 146 damage!
A flying blue crystalline dragon dies!  
You gain 14850 (+14850) experience points.
A flying blue crystalline dragon drops a bag of silver.


<11:40:39> You burn a soaring yellow crystalline dragon with your fiery breath!
A soaring yellow crystalline dragon is hit for 159 damage!
A soaring yellow crystalline dragon is stunned for 12 seconds!


<11:40:40> get silver&


<11:40:40> You get 1299 silver coins.


<11:40:40> look&


<11:40:40> [Throrfiril City of Trees]
Obvious exits: east and west.

Also there is a soaring yellow crystalline dragon.


<11:40:42> fite&


<11:40:43> You must wait 1 second to perform a double attack!


<11:40:43> You must wait 4 seconds to perform a breath attack!


<11:40:43> fite&


<11:40:43> A wave of pain radiates from the lustrous mace of unending loyalty!
You attack a soaring yellow crystalline dragon with a lustrous mace of unending loyalty for 123 damage!
An impact shudders from the glowing truncheon of doom!
You attack a soaring yellow crystalline dragon with a glowing truncheon of doom for 160 damage!
A soaring yellow crystalline dragon starts bleeding!


<11:40:43> You must wait 4 seconds to perform a breath attack!


<11:40:44> A soaring yellow crystalline dragon attacks you and misses.
A soaring yellow crystalline dragon attacks you and misses.


<11:40:46> fite&


<11:40:46> A wave of pain radiates from the lustrous mace of unending loyalty!
You attack a soaring yellow crystalline dragon with a lustrous mace of unending loyalty for 129 damage!
An impact shudders from the glowing truncheon of doom!
You attack a soaring yellow crystalline dragon with a glowing truncheon of doom for 133 damage!


<11:40:47> You burn a soaring yellow crystalline dragon with your fiery breath!
A soaring yellow crystalline dragon is hit for 187 damage!
A soaring yellow crystalline dragon dies!  
You gain 17325 (+17325) experience points.
A soaring yellow crystalline dragon drops a bag of silver.


<11:40:47> get silver&


<11:40:47> You get 1464 silver coins.


<11:40:47> look&


<11:40:48> [Throrfiril City of Trees]
Obvious exits: east and west.


<11:40:48> w&


<11:40:48> You must wait 2 seconds to move!


<11:40:48> w&


<11:40:48> You must wait 2 seconds to move!


<11:40:49> w&


<11:40:49> You must wait 1 second to move!


<11:40:49> w&


<11:40:49> You must wait 1 second to move!


<11:40:49> w&


<11:40:49> You must wait 1 second to move!


<11:40:49> w&


<11:40:50> You must wait 1 second to move!


<11:40:50> w&


<11:40:50> [Throrfiril City of Trees]
Obvious exits: east and west.


<11:40:50> w&


<11:40:50> [Throrfiril City of Trees]
Obvious exits: north, east, and west.


<11:40:50> w&


<11:40:51> [Throrfiril City of Trees]
Obvious exits: south, east, and west.


<11:40:51> nw&


<11:40:51> You can't go that way.


<11:40:51> w&


<11:40:51> [Throrfiril City of Trees]
Obvious exits: east, northwest, and southwest.

Also there is a flying red crystalline dragon.


<11:40:51> nw&


<11:40:52> n&


<11:40:52> [Throrfiril City of Trees]
Obvious exits: north, southeast, and southwest.


<11:40:52> [Throrfiril City of Trees]
Obvious exits: south, northeast, and northwest.


<11:40:53> nw&


<11:40:53> [Throrfiril City of Trees]
Obvious exits: northeast, northwest, southeast, and a golden doorway (hidden).


<11:40:53> ne&


<11:40:53> [Throrfiril City of Trees]
Obvious exits: southeast and southwest.


<11:40:53> n&


<11:40:53> You can't go that way.


<11:40:54> sw&


<11:40:54> [Throrfiril City of Trees]
Obvious exits: northeast, northwest, southeast, and a golden doorway (hidden).


<11:40:55> open genportal& go genportal& cure all& cure b& 


<11:40:55> There is nothing to open on a golden doorway.


<11:40:55> open genportal& go genportal& cure all& cure b& 


<11:40:55> You enter a golden doorway.
[Throrfiril City of Trees]
Obvious exits: an exit leading out.

You also see a bright purple crystalline plate mail, a bright golden dragon's head spine, a bright golden dragon's head spine, a crystalized
dragon's tear, and a crystalized dragon's tear.


<11:40:55> You are cured 374 hits and pay 1870 silver.


<11:40:55> You are not currently bleeding.


<11:40:55> There is nothing to open on an exit leading out.


<11:40:55> You enter an exit leading out.
[Throrfiril City of Trees]
Obvious exits: northeast, northwest, southeast, and a golden doorway (hidden).


<11:40:56> You must be in a hospital to cure!

You must be in a hospital to cure!


<11:40:56> se&


<11:40:56> [Throrfiril City of Trees]
Obvious exits: south, northeast, and northwest.


<11:40:56> s&


<11:40:56> [Throrfiril City of Trees]
Obvious exits: north, southeast, and southwest.


<11:40:57> sw&


<11:40:57> [Throrfiril City of Trees]
Obvious exits: northeast and southeast.


<11:40:57> sw&


<11:40:57> You can't go that way.


<11:40:57> se&


<11:40:57> [Throrfiril City of Trees]
Obvious exits: south, northeast, and northwest.


<11:40:58> fite&


<11:40:58> You don't see anyone called 'genmob#1' here.


<11:40:58> You don't see anyone called 'genmob#1' here.


<11:40:58> ne&


<11:40:58> [Throrfiril City of Trees]
Obvious exits: east, northwest, and southwest.

Also there is a flying red crystalline dragon.


<11:40:59> fite&


<11:40:59> A wave of pain radiates from the lustrous mace of unending loyalty!
You attack a flying red crystalline dragon with a lustrous mace of unending loyalty for 152 damage!
A flying red crystalline dragon starts bleeding!
An impact shudders from the glowing truncheon of doom!
You attack a flying red crystalline dragon with a glowing truncheon of doom for 166 damage!


<11:40:59> You burn a flying red crystalline dragon with your fiery breath!
A flying red crystalline dragon is hit for 176 damage!


<11:41:01> A flying red crystalline dragon attacks you for 74 damage!
A flying red crystalline dragon strikes you with a blast of fire!
A flying red crystalline dragon misses!


<11:41:01> fite&


<11:41:02> You must wait 1 second to perform a double attack!


<11:41:02> You must wait 5 seconds to perform a breath attack!


<11:41:02> fite&


<11:41:02> A wave of pain radiates from the lustrous mace of unending loyalty!
You attack a flying red crystalline dragon with a lustrous mace of unending loyalty for 151 damage!
A flying red crystalline dragon is hit with a wounding weapon and begins to bleed!
You cannot cast bleed on a flying red crystalline dragon!
An impact shudders from the glowing truncheon of doom!
You attack a flying red crystalline dragon with a glowing truncheon of doom for 147 damage!
A flying red crystalline dragon dies!  
You gain 14850 (+14850) experience points.
A flying red crystalline dragon drops a bag of silver.


<11:41:02> You don't see anyone called 'genmob#1' here.


<11:41:03> look&


<11:41:03> [Throrfiril City of Trees]
Obvious exits: east, northwest, and southwest.

You also see a bag of silver.


<11:41:04> get silver&


<11:41:04> You get 1375 silver coins.


<11:41:05> e&


<11:41:05> You must wait 1 second to move!


<11:41:06> e&


<11:41:06> [Throrfiril City of Trees]
Obvious exits: south, east, and west.


<11:41:07> e&


<11:41:07> [Throrfiril City of Trees]
Obvious exits: north, east, and west.


<11:41:07> e&


<11:41:08> [Throrfiril City of Trees]
Obvious exits: east and west.


<11:41:08> e&


<11:41:08> [Throrfiril City of Trees]
Obvious exits: east and west.


<11:41:09> e&


<11:41:09> [Throrfiril City of Trees]
Obvious exits: east and west.

Also there is a flying blue crystalline dragon and a soaring yellow crystalline dragon.


<11:41:09> fite&


<11:41:10> A wave of pain radiates from the lustrous mace of unending loyalty!
You attack a flying blue crystalline dragon with a lustrous mace of unending loyalty for 141 damage!
A flying blue crystalline dragon is hit with a wounding weapon and begins to bleed!
You cannot cast bleed on a flying blue crystalline dragon!
An impact shudders from the glowing truncheon of doom!
You attack a flying blue crystalline dragon with a glowing truncheon of doom for 145 damage!
A flying blue crystalline dragon is stunned for 16 seconds!


<11:41:10> You burn a flying blue crystalline dragon with your fiery breath!
A flying blue crystalline dragon is hit for 181 damage!


<11:41:13> A soaring yellow crystalline dragon leaves East.
A flying blue crystalline dragon attacks you and misses.
A flying blue crystalline dragon attacks you for 31 damage!
A flying blue crystalline dragon casts a spell!
A flying blue crystalline dragon gapes and breathes twin jets of boiling water at you!
A flying blue crystalline dragon misses!


<11:41:13> fite&


<11:41:13> A wave of pain radiates from the lustrous mace of unending loyalty!
You attack a flying blue crystalline dragon with a lustrous mace of unending loyalty for 118 damage!
An impact shudders from the glowing truncheon of doom!
You attack a flying blue crystalline dragon with a glowing truncheon of doom for 145 damage!
A flying blue crystalline dragon dies!  
You gain 14850 (+14850) experience points.
A flying blue crystalline dragon drops a bag of silver.


<11:41:13> You don't see anyone called 'genmob#1' here.


<11:41:14> get silver&


<11:41:14> You get 1327 silver coins.


<11:41:14> look&


<11:41:15> [Throrfiril City of Trees]
Obvious exits: east and west.


<11:41:16> w&


<11:41:16> You must wait 1 second to move!


<11:41:17> w&


<11:41:17> [Throrfiril City of Trees]
Obvious exits: east and west.


<11:41:17> e&


<11:41:18> [Throrfiril City of Trees]
Obvious exits: east and west.


<11:41:18> e&


<11:41:18> [Throrfiril City of Trees]
Obvious exits: west, northeast, and southeast.

Also there is a flying red crystalline dragon, a soaring gold crystalline dragon, and a soaring yellow crystalline dragon.


<11:41:18> w&


<11:41:19> [Throrfiril City of Trees]
Obvious exits: east and west.


<11:41:20> e&


<11:41:20> [Throrfiril City of Trees]
Obvious exits: west, northeast, and southeast.

Also there is a flying red crystalline dragon, a soaring gold crystalline dragon, and a soaring yellow crystalline dragon.


<11:41:21> w&


<11:41:21> [Throrfiril City of Trees]
Obvious exits: east and west.


<11:41:22> e&


<11:41:22> [Throrfiril City of Trees]
Obvious exits: west, northeast, and southeast.

Also there is a flying red crystalline dragon, a soaring gold crystalline dragon, and a soaring yellow crystalline dragon.


<11:41:22> ne&


<11:41:22> [Throrfiril City of Trees]
Obvious exits: southeast and southwest.


<11:41:23> se&


<11:41:23> [Throrfiril City of Trees]
Obvious exits: northwest and southwest.

Also there is a flying green crystalline dragon.


<11:41:24> fite&


<11:41:24> A wave of pain radiates from the lustrous mace of unending loyalty!
You attack a flying green crystalline dragon with a lustrous mace of unending loyalty for 119 damage!
A flying green crystalline dragon starts bleeding!
An impact shudders from the glowing truncheon of doom!
You attack a flying green crystalline dragon with a glowing truncheon of doom for 136 damage!


<11:41:24> You burn a flying green crystalline dragon with your fiery breath!
A flying green crystalline dragon is hit for 157 damage!


<11:41:26> fite&


<11:41:26> You must wait 1 second to perform a double attack!


<11:41:27> You must wait 5 seconds to perform a breath attack!


<11:41:27> fite&


<11:41:27> A wave of pain radiates from the lustrous mace of unending loyalty!
You attack a flying green crystalline dragon with a lustrous mace of unending loyalty for 122 damage!
An impact shudders from the glowing truncheon of doom!
You attack a flying green crystalline dragon with a glowing truncheon of doom for 127 damage!
You get a 5 percent bonus to your next attack!


<11:41:27> A flying green crystalline dragon attacks you and misses.
A flying green crystalline dragon attacks you for 58 damage!
You must wait 4 seconds to perform a breath attack!


<11:41:30> fite&


<11:41:31> A wave of pain radiates from the lustrous mace of unending loyalty!
You attack a flying green crystalline dragon with a lustrous mace of unending loyalty for 122 damage!
You do 6 extra damage!
A flying green crystalline dragon dies!  
You gain 16500 (+16500) experience points.
A flying green crystalline dragon drops a bag of silver.


<11:41:31> You don't see anyone called 'genmob#1' here.


<11:41:31> get silver&


<11:41:31> You get 1321 silver coins.


<11:41:31> look&


<11:41:32> [Throrfiril City of Trees]
Obvious exits: northwest and southwest.


<11:41:33> sw&


<11:41:33> You must wait 2 seconds to move!


<11:41:33> sw&


<11:41:33> You must wait 1 second to move!


<11:41:34> sw&


<11:41:34> You must wait 1 second to move!


<11:41:34> sw&


<11:41:34> [Throrfiril City of Trees]
Obvious exits: northeast and northwest.

Also there is a flying blue crystalline dragon and a flying red crystalline dragon.


<11:41:35> A flying blue crystalline dragon attacks you for 28 damage!
A flying blue crystalline dragon attacks you for 30 damage!


<11:41:35> fite&


<11:41:35> A wave of pain radiates from the lustrous mace of unending loyalty!
You attack a flying blue crystalline dragon with a lustrous mace of unending loyalty for 131 damage!
A flying blue crystalline dragon starts bleeding!
An impact shudders from the glowing truncheon of doom!
You attack a flying blue crystalline dragon with a glowing truncheon of doom for 128 damage!


<11:41:36> You burn a flying blue crystalline dragon with your fiery breath!
A flying blue crystalline dragon is hit for 147 damage!


<11:41:36> A flying red crystalline dragon attacks you for 72 damage!
A flying red crystalline dragon strikes you with a blast of fire!
A flying red crystalline dragon misses!


<11:41:38> fite&


<11:41:38> You must wait 1 second to perform a double attack!


<11:41:38> You must wait 5 seconds to perform a breath attack!


<11:41:39> fite&


<11:41:39> You must wait 1 second to perform a double attack!


<11:41:39> You must wait 4 seconds to perform a breath attack!


<11:41:39> fite&


<11:41:39> A flying blue crystalline dragon attacks you and misses.
A flying blue crystalline dragon attacks you for 31 damage!
A flying blue crystalline dragon casts a spell!
A flying blue crystalline dragon gapes and breathes twin jets of boiling water at you!
You are hit for 49 damage!


<11:41:39> A wave of pain radiates from the lustrous mace of unending loyalty!
You attack a flying blue crystalline dragon with a lustrous mace of unending loyalty for 132 damage!
A flying blue crystalline dragon is hit with a wounding weapon and begins to bleed!
You cannot cast bleed on a flying blue crystalline dragon!
An impact shudders from the glowing truncheon of doom!
You attack a flying blue crystalline dragon with a glowing truncheon of doom for 131 damage!


<11:41:39> You must wait 4 seconds to perform a breath attack!


<11:41:40> A flying red crystalline dragon attacks you for 78 damage!
A flying red crystalline dragon strikes you with a blast of fire!
You are hit for 45 damage!


<11:41:41> ne&


<11:41:41> You must wait 2 seconds to move!


<11:41:42> ne&


<11:41:42> You must wait 1 second to move!


<11:41:42> ne&


<11:41:42> You must wait 1 second to move!


<11:41:43> ne&


<11:41:43> [Throrfiril City of Trees]
Obvious exits: northwest and southwest.


<11:41:43> ne&


<11:41:43> You can't go that way.


<11:41:43> remove genweapon& remove genweapon& hold decant& drink decant&


<11:41:43> You remove a lustrous mace of unending loyalty.


<11:41:44> You remove a glowing truncheon of doom.


<11:41:44> You hold a decantur of phoenix tears.


<11:41:44> You drink a decantur of phoenix tears.  

You gain 95 hit points!


<11:41:46> remove genweapon& remove genweapon& hold decant& drink decant&


<11:41:46> You don't seem to be wearing that.


<11:41:46> You don't seem to be wearing that.


<11:41:46> Your hands are full.


<11:41:46> You drink a decantur of phoenix tears.  

You gain 93 hit points!


<11:41:48> remove genweapon& remove genweapon& hold decant& drink decant&


<11:41:48> You don't seem to be wearing that.


<11:41:48> You don't seem to be wearing that.


<11:41:48> Your hands are full.


<11:41:49> You drink a decantur of phoenix tears.  

You gain 81 hit points!


<11:41:51> remove pouch& remove genmultipotion& hold genweapon& hold genweapon&


<11:41:51> You don't seem to be wearing that.


<11:41:51> sw&


<11:41:51> You remove a decantur of phoenix tears.


<11:41:51> You wield a glowing truncheon of doom.


<11:41:51> fite&


<11:41:51> You hold a lustrous mace of unending loyalty.


<11:41:51> [Throrfiril City of Trees]
Obvious exits: northeast and northwest.

Also there is a flying blue crystalline dragon and a flying red crystalline dragon.


<11:41:51> An impact shudders from the glowing truncheon of doom!
You attack a flying blue crystalline dragon with a glowing truncheon of doom for 124 damage!
You get a 5 percent bonus to your next attack!
A wave of pain radiates from the lustrous mace of unending loyalty!
You attack a flying blue crystalline dragon with a lustrous mace of unending loyalty for 135 damage!
You do 6 extra damage!
A flying blue crystalline dragon dies!  
You gain 14850 (+14850) experience points.
A flying blue crystalline dragon drops a bag of silver.


<11:41:51> You burn a flying red crystalline dragon with your fiery breath!
A flying red crystalline dragon is hit for 164 damage!


<11:41:52> A flying red crystalline dragon attacks you for 68 damage!
A flying red crystalline dragon strikes you with a blast of fire!
You are hit for 46 damage!


<11:41:52> get silver&


<11:41:52> You get 1291 silver coins.


<11:41:54> fite&


<11:41:54> You must wait 1 second to perform a double attack!


<11:41:55> You must wait 4 seconds to perform a breath attack!


<11:41:55> fite&


<11:41:55> An impact shudders from the glowing truncheon of doom!
You attack a flying red crystalline dragon with a glowing truncheon of doom for 152 damage!
A flying red crystalline dragon starts bleeding!
A wave of pain radiates from the lustrous mace of unending loyalty!
You attack a flying red crystalline dragon with a lustrous mace of unending loyalty for 152 damage!


<11:41:55> You must wait 4 seconds to perform a breath attack!


<11:41:56> A flying red crystalline dragon attacks you for 81 damage!
A flying red crystalline dragon strikes you with a blast of fire!
You are hit for 45 damage!


<11:41:59> fite&


<11:41:59> An impact shudders from the glowing truncheon of doom!
You attack a flying red crystalline dragon with a glowing truncheon of doom for 171 damage!
You get a 15 percent bonus to your next attack!
A wave of pain radiates from the lustrous mace of unending loyalty!
You attack a flying red crystalline dragon with a lustrous mace of unending loyalty for 171 damage!
You do 22 extra damage!
A flying red crystalline dragon dies!  
You gain 14850 (+14850) experience points.
A flying red crystalline dragon drops a bag of silver.


<11:41:59> You don't see anyone called 'genmob#1' here.


<11:41:59> get silver&


<11:41:59> You get 1304 silver coins.


<11:42:00> look&


<11:42:00> [Throrfiril City of Trees]
Obvious exits: northeast and northwest.


<11:42:02> nw&


<11:42:02> You must wait 1 second to move!


<11:42:02> nw&


<11:42:02> [Throrfiril City of Trees]
Obvious exits: west, northeast, and southeast.


<11:42:02> w&


<11:42:03> [Throrfiril City of Trees]
Obvious exits: east and west.


<11:42:03> w&


<11:42:03> w&


<11:42:03> [Throrfiril City of Trees]
Obvious exits: east and west.


<11:42:03> [Throrfiril City of Trees]
Obvious exits: east and west.


<11:42:03> w&


<11:42:03> [Throrfiril City of Trees]
Obvious exits: north, east, and west.


<11:42:04> w&


<11:42:04> [Throrfiril City of Trees]
Obvious exits: south, east, and west.


<11:42:04> w&


<11:42:05> [Throrfiril City of Trees]
Obvious exits: east, northwest, and southwest.


<11:42:05> w&


<11:42:05> You can't go that way.


<11:42:05> nw&


<11:42:05> [Throrfiril City of Trees]
Obvious exits: north, southeast, and southwest.


<11:42:05> sw&


<11:42:05> [Throrfiril City of Trees]
Obvious exits: northeast and southeast.


<11:42:06> open genportal& go genportal& cure all& cure b& 


<11:42:06> You don't see 'genportal' here.


<11:42:06> Go which direction?
Try north, south, east, west, northeast, northwest, southeast, southwest, up, or down.


<11:42:06> You must be in a hospital to cure!


<11:42:06> You must be in a hospital to cure!


<11:42:07> se&


<11:42:07> [Throrfiril City of Trees]
Obvious exits: south, northeast, and northwest.


<11:42:07> ne&


<11:42:08> [Throrfiril City of Trees]
Obvious exits: east, northwest, and southwest.


<11:42:08> sw&


<11:42:08> [Throrfiril City of Trees]
Obvious exits: south, northeast, and northwest.


<11:42:09> nw&


<11:42:09> [Throrfiril City of Trees]
Obvious exits: northeast and southeast.


<11:42:09> ne&


<11:42:09> [Throrfiril City of Trees]
Obvious exits: north, southeast, and southwest.


<11:42:10> nw&


<11:42:10> You can't go that way.


<11:42:10> n&


<11:42:10> [Throrfiril City of Trees]
Obvious exits: south, northeast, and northwest.


<11:42:10> nw&


<11:42:10> [Throrfiril City of Trees]
Obvious exits: northeast, northwest, southeast, and a golden doorway (hidden).


<11:42:11> open genportal& go genportal& cure all& cure b& 


<11:42:11> There is nothing to open on a golden doorway.


<11:42:11> You enter a golden doorway.
[Throrfiril City of Trees]
Obvious exits: an exit leading out.

You also see a bright purple crystalline plate mail, a bright golden dragon's head spine, a bright golden dragon's head spine, a crystalized
dragon's tear, and a crystalized dragon's tear.


<11:42:11> You are cured 407 hits and pay 2035 silver.


<11:42:11> You are not currently bleeding.


<11:42:11> open genportal& go genportal& cure all& cure b& 


<11:42:11> There is nothing to open on an exit leading out.


<11:42:11> You enter an exit leading out.
[Throrfiril City of Trees]
Obvious exits: northeast, northwest, southeast, and a golden doorway (hidden).


<11:42:12> You must be in a hospital to cure!


<11:42:12> You must be in a hospital to cure!


<11:42:14> se&


<11:42:14> [Throrfiril City of Trees]
Obvious exits: south, northeast, and northwest.


<11:42:14> s&


<11:42:14> [Throrfiril City of Trees]
Obvious exits: north, southeast, and southwest.


<11:42:14> sw&


<11:42:14> [Throrfiril City of Trees]
Obvious exits: northeast and southeast.


<11:42:15> se&


<11:42:15> [Throrfiril City of Trees]
Obvious exits: south, northeast, and northwest.


<11:42:15> s&


<11:42:16> [Throrfiril City of Trees]
Obvious exits: north, east, and west.


<11:42:16> e&


<11:42:16> [Throrfiril City of Trees]
Obvious exits: west, northeast, and southeast.


<11:42:17> se&


<11:42:17> [Throrfiril City of Trees]
Obvious exits: northeast and northwest.


<11:42:18> e&


<11:42:18> You can't go that way.


<11:42:18> ne&


<11:42:18> [Throrfiril City of Trees]
Obvious exits: northwest and southwest.


<11:42:19> nw&


<11:42:19> [Throrfiril City of Trees]
Obvious exits: north, southeast, and southwest.


<11:42:20> n&


<11:42:20> [Throrfiril City of Trees]
Obvious exits: south, east, and west.


<11:42:21> e&


<11:42:21> [Throrfiril City of Trees]
Obvious exits: north, east, and west.


<11:42:21> e&


<11:42:21> [Throrfiril City of Trees]
Obvious exits: east and west.


<11:42:22> e&


<11:42:22> [Throrfiril City of Trees]
Obvious exits: east and west.


<11:42:23> e&


<11:42:23> [Throrfiril City of Trees]
Obvious exits: east and west.


<11:42:23> e&


<11:42:23> [Throrfiril City of Trees]
Obvious exits: west, northeast, and southeast.


<11:42:24> se&


<11:42:24> [Throrfiril City of Trees]
Obvious exits: northeast and northwest.


<11:42:25> ne&


<11:42:25> [Throrfiril City of Trees]
Obvious exits: northwest and southwest.


<11:42:26> nw&


<11:42:26> [Throrfiril City of Trees]
Obvious exits: southeast and southwest.


<11:42:27> sw&


<11:42:27> [Throrfiril City of Trees]
Obvious exits: west, northeast, and southeast.


<11:42:27> w&


<11:42:27> [Throrfiril City of Trees]
Obvious exits: east and west.


<11:42:28> w&


<11:42:28> [Throrfiril City of Trees]
Obvious exits: east and west.


<11:42:28> w&


<11:42:28> [Throrfiril City of Trees]
Obvious exits: east and west.


<11:42:29> w&


<11:42:29> [Throrfiril City of Trees]
Obvious exits: north, east, and west.


<11:42:29> n&


<11:42:29> [Throrfiril City of Trees]
Obvious exits: south and east.


<11:42:30> ne&


<11:42:30> You can't go that way.


<11:42:30> e&


<11:42:31> [Throrfiril City of Trees]
Obvious exits: north, west, and northeast.


<11:42:31> ne&


<11:42:31> [Throrfiril City of Trees]
Obvious exits: southwest.


<11:42:32> sw&


<11:42:32> [Throrfiril City of Trees]
Obvious exits: north, west, and northeast.


<11:42:32> n&


<11:42:32> [Throrfiril City of Trees]
Obvious exits: south and west.


<11:42:33> w&


<11:42:33> [Throrfiril City of Trees]
Obvious exits: east and northwest.


<11:42:34> nw&


<11:42:34> [Throrfiril City of Trees]
Obvious exits: east, west, and southeast.

Screech is also here.
Also there is a soaring yellow crystalline dragon and a hovering purple crystalline dragon.


<11:42:35> A soaring yellow crystalline dragon attacks Screech!
A soaring yellow crystalline dragon attacks Screech!


<11:42:35> w&


<11:42:35> [Throrfiril City of Trees]
Obvious exits: east, northwest, and southwest.


<11:42:36> e&


<11:42:36> [Throrfiril City of Trees]
Obvious exits: east, west, and southeast.

Screech is also here.
Also there is a soaring yellow crystalline dragon and a hovering purple crystalline dragon.


<11:42:37> wave sc

<11:42:37> wave sc


<11:42:37> You wave at Screech.


<11:42:37> A hovering purple crystalline dragon attacks Screech and misses.
A hovering purple crystalline dragon attacks Screech and misses.


<11:42:38> e&


<11:42:38> [Throrfiril City of Trees]
Obvious exits: east and west.

Also there is a hovering purple crystalline dragon.


<11:42:38> fite&


<11:42:39> An impact shudders from the glowing truncheon of doom!
You attack a hovering purple crystalline dragon with a glowing truncheon of doom for 158 damage!
A hovering purple crystalline dragon starts bleeding!
A hovering purple crystalline dragon bleeds lightly and is stunned for 6 seconds!
A wave of pain radiates from the lustrous mace of unending loyalty!
You attack a hovering purple crystalline dragon with a lustrous mace of unending loyalty for 151 damage!
A hovering purple crystalline dragon is hit with a wounding weapon and begins to bleed!
You cannot cast bleed on a hovering purple crystalline dragon!


<11:42:39> You burn a hovering purple crystalline dragon with your fiery breath!
A hovering purple crystalline dragon is hit for 196 damage!


<11:42:41> A hovering purple crystalline dragon attacks you for 58 damage!
A hovering purple crystalline dragon attacks you and misses.


<11:42:42> fite&


<11:42:42> An impact shudders from the glowing truncheon of doom!
You attack a hovering purple crystalline dragon with a glowing truncheon of doom for 141 damage!
A hovering purple crystalline dragon is stunned for 12 seconds!
A wave of pain radiates from the lustrous mace of unending loyalty!
You attack a hovering purple crystalline dragon with a lustrous mace of unending loyalty for 126 damage!


<11:42:42> You must wait 4 seconds to perform a breath attack!


<11:42:42> fite&


<11:42:42> You must wait 3 seconds to perform a double attack!


<11:42:43> You must wait 4 seconds to perform a breath attack!


<11:42:43> look&


<11:42:43> [Throrfiril City of Trees]
Obvious exits: east and west.

Also there is a hovering purple crystalline dragon.


<11:42:43> fite&


<11:42:44> You must wait 2 seconds to perform a double attack!


<11:42:44> You must wait 2 seconds to perform a breath attack!


<11:42:44> fite&


<11:42:44> You must wait 2 seconds to perform a double attack!


<11:42:44> You must wait 2 seconds to perform a breath attack!


<11:42:45> fite&


<11:42:45> You must wait 1 second to perform a double attack!


<11:42:45> You must wait 1 second to perform a breath attack!


<11:42:45> fite&


<11:42:45> An impact shudders from the glowing truncheon of doom!
You attack a hovering purple crystalline dragon with a glowing truncheon of doom for 147 damage!
A hovering purple crystalline dragon dies!  
You gain 16500 (+16500) experience points.
A hovering purple crystalline dragon drops a bag of silver.


<11:42:45> You don't see anyone called 'genmob#1' here.


<11:42:46> fite&


<11:42:46> You must wait 3 seconds to perform a double attack!


<11:42:46> You don't see anyone called 'genmob#1' here.


<11:42:46> get silver&


<11:42:46> look&


<11:42:46> You get 1379 silver coins.


<11:42:46> [Throrfiril City of Trees]
Obvious exits: east and west.


<11:42:47> e&


<11:42:47> You must wait 2 seconds to move!


<11:42:47> e&


<11:42:48> You must wait 2 seconds to move!


<11:42:48> e&


<11:42:48> You must wait 1 second to move!


<11:42:48> e&


<11:42:48> You must wait 1 second to move!


<11:42:48> e&


<11:42:49> You must wait 1 second to move!


<11:42:49> e&


<11:42:49> [Throrfiril City of Trees]
Obvious exits: west, northeast, and northwest.

Also there is a hovering purple crystalline dragon and a flying green crystalline dragon.


<11:42:49> e&


<11:42:49> You can't go that way.


<11:42:49> e&


<11:42:50> You can't go that way.


<11:42:50> e&


<11:42:50> You can't go that way.


<11:42:50> ne&


<11:42:50> [Throrfiril City of Trees]
Obvious exits: northwest, southeast, and southwest.

Also there is a flying green crystalline dragon.


<11:42:51> se&


<11:42:51> [Throrfiril City of Trees]
Obvious exits: northwest and a softly glowing teleport pad.


<11:42:54> open genportal& go genportal& cure all& cure b& 


<11:42:54> There is nothing to open on a softly glowing teleport pad.


<11:42:55> You enter a softly glowing teleport pad.